2018-02-04 06:47:40.441638: I tensorflow/core/platform/cpu_feature_guard.cc:137] Your CPU supports instructions that this TensorFlow binary was not compiled to use: SSE4.1 SSE4.2 AVX
------------------------------------------------------------------------
WARNING: libdeepspeech failed to load, resorting to deprecated code
         Refer to README.md for instructions on installing libdeepspeech
------------------------------------------------------------------------
WARNING:root:frame length (551) is greater than FFT size (512), frame will be truncated. Increase NFFT to avoid.
WARNING:root:frame length (551) is greater than FFT size (512), frame will be truncated. Increase NFFT to avoid.
WARNING:root:frame length (551) is greater than FFT size (512), frame will be truncated. Increase NFFT to avoid.
WARNING:root:frame length (551) is greater than FFT size (512), frame will be truncated. Increase NFFT to avoid.
WARNING:root:frame length (551) is greater than FFT size (512), frame will be truncated. Increase NFFT to avoid.
WARNING:root:frame length (551) is greater than FFT size (512), frame will be truncated. Increase NFFT to avoid.
WARNING:root:frame length (551) is greater than FFT size (512), frame will be truncated. Increase NFFT to avoid.
WARNING:root:frame length (551) is greater than FFT size (512), frame will be truncated. Increase NFFT to avoid.
WARNING:root:frame length (551) is greater than FFT size (512), frame will be truncated. Increase NFFT to avoid.
WARNING:root:frame length (551) is greater than FFT size (512), frame will be truncated. Increase NFFT to avoid.
WARNING:root:frame length (551) is greater than FFT size (512), frame will be truncated. Increase NFFT to avoid.
WARNING:root:frame length (551) is greater than FFT size (512), frame will be truncated. Increase NFFT to avoid.
WARNING:root:frame length (551) is greater than FFT size (512), frame will be truncated. Increase NFFT to avoid.
2018-02-04 06:54:29.401891: W tensorflow/core/util/ctc/ctc_loss_calculator.cc:144] No valid path found.
Loading the LM will be faster if you build a binary file.
Reading data/lm/pidgin.arpa
----5---10---15---20---25---30---35---40---45---50---55---60---65---70---75---80---85---90---95--100
****************************************************************************************************
WARNING:root:frame length (551) is greater than FFT size (512), frame will be truncated. Increase NFFT to avoid.
2018-02-04 07:56:50.010891: W tensorflow/core/util/ctc/ctc_loss_calculator.cc:144] No valid path found.
WARNING:root:frame length (551) is greater than FFT size (512), frame will be truncated. Increase NFFT to avoid.
2018-02-04 09:20:53.667396: W tensorflow/core/util/ctc/ctc_loss_calculator.cc:144] No valid path found.
WARNING:root:frame length (551) is greater than FFT size (512), frame will be truncated. Increase NFFT to avoid.
2018-02-04 11:37:14.870806: W tensorflow/core/util/ctc/ctc_loss_calculator.cc:144] No valid path found.
WARNING:root:frame length (551) is greater than FFT size (512), frame will be truncated. Increase NFFT to avoid.
2018-02-04 13:57:46.685891: W tensorflow/core/util/ctc/ctc_loss_calculator.cc:144] No valid path found.
WARNING:root:frame length (551) is greater than FFT size (512), frame will be truncated. Increase NFFT to avoid.
2018-02-04 16:24:05.298192: W tensorflow/core/util/ctc/ctc_loss_calculator.cc:144] No valid path found.
WARNING:root:frame length (551) is greater than FFT size (512), frame will be truncated. Increase NFFT to avoid.
2018-02-04 17:33:04.230607: W tensorflow/core/util/ctc/ctc_loss_calculator.cc:144] No valid path found.
WARNING:root:frame length (551) is greater than FFT size (512), frame will be truncated. Increase NFFT to avoid.
2018-02-04 18:55:31.481380: W tensorflow/core/util/ctc/ctc_loss_calculator.cc:144] No valid path found.
WARNING:root:frame length (551) is greater than FFT size (512), frame will be truncated. Increase NFFT to avoid.
2018-02-04 20:44:00.242168: W tensorflow/core/util/ctc/ctc_loss_calculator.cc:144] No valid path found.
WARNING:root:frame length (551) is greater than FFT size (512), frame will be truncated. Increase NFFT to avoid.
2018-02-04 23:24:50.951252: W tensorflow/core/util/ctc/ctc_loss_calculator.cc:144] No valid path found.
WARNING:root:frame length (551) is greater than FFT size (512), frame will be truncated. Increase NFFT to avoid.
2018-02-05 01:30:57.293914: W tensorflow/core/util/ctc/ctc_loss_calculator.cc:144] No valid path found.
WARNING:root:frame length (551) is greater than FFT size (512), frame will be truncated. Increase NFFT to avoid.
2018-02-05 03:31:15.821700: W tensorflow/core/util/ctc/ctc_loss_calculator.cc:144] No valid path found.
WARNING:root:frame length (551) is greater than FFT size (512), frame will be truncated. Increase NFFT to avoid.
2018-02-05 05:27:53.748988: W tensorflow/core/util/ctc/ctc_loss_calculator.cc:144] No valid path found.
WARNING:root:frame length (551) is greater than FFT size (512), frame will be truncated. Increase NFFT to avoid.
2018-02-05 07:24:09.882276: W tensorflow/core/util/ctc/ctc_loss_calculator.cc:144] No valid path found.
WARNING:root:frame length (551) is greater than FFT size (512), frame will be truncated. Increase NFFT to avoid.
2018-02-05 09:51:38.333316: W tensorflow/core/util/ctc/ctc_loss_calculator.cc:144] No valid path found.
WARNING:root:frame length (551) is greater than FFT size (512), frame will be truncated. Increase NFFT to avoid.
2018-02-05 12:39:35.491989: W tensorflow/core/util/ctc/ctc_loss_calculator.cc:144] No valid path found.
Traceback (most recent call last):
  File "./DeepSpeech.py", line 1665, in train
    job = COORD.next_job(job)
  File "./DeepSpeech.py", line 1433, in next_job
    if epoch.done():
  File "./DeepSpeech.py", line 1050, in done
    print(FLAGS.wer_log_pattern % (time, self.set_name, self.wer))
TypeError: not all arguments converted during string formatting
D Starting coordinator...
D Coordinator started.
W Parameter --validation_step needs to be >0 for early stopping to work
D Starting queue runners...
D Queue runners started.
here
doing mfcc...
here
doing mfcc...
here
doing mfcc...
here
doing mfcc...
here
doing mfcc...
here
doing mfcc...
here
doing mfcc...
here
doing mfcc...
here
doing mfcc...
here
doing mfcc...
here
doing mfcc...
here
doing mfcc...
here
doing mfcc...
I STARTING Optimization
D step: 10
D epoch: 0
D target epoch: 75
D steps per epoch: 15
D number of batches in train set: 15
D batches per job: 1
D batches per step: 1
D number of jobs in train set: 15
D number of jobs already trained in first epoch: 10
D Computing Job (ID: 2, worker: 0, epoch: 0, set_name: train)...
D Starting batch...
here
doing mfcc...
D Finished batch step 11.
D Sending Job (ID: 2, worker: 0, epoch: 0, set_name: train)...
D Computing Job (ID: 3, worker: 0, epoch: 0, set_name: train)...
D Starting batch...
here
doing mfcc...
D Finished batch step 12.
D Sending Job (ID: 3, worker: 0, epoch: 0, set_name: train)...
D Computing Job (ID: 4, worker: 0, epoch: 0, set_name: train)...
D Starting batch...
here
doing mfcc...
D Finished batch step 13.
D Sending Job (ID: 4, worker: 0, epoch: 0, set_name: train)...
D Computing Job (ID: 5, worker: 0, epoch: 0, set_name: train)...
D Starting batch...
here
doing mfcc...
D Finished batch step 14.
D Sending Job (ID: 5, worker: 0, epoch: 0, set_name: train)...
D Computing Job (ID: 6, worker: 0, epoch: 0, set_name: train)...
D Starting batch...
here
doing mfcc...
D Finished batch step 15.
D Sending Job (ID: 6, worker: 0, epoch: 0, set_name: train)...
D Computing Job (ID: 7, worker: 0, epoch: 0, set_name: train)...
D Starting batch...
here
doing mfcc...
D Finished batch step 16.
D Sending Job (ID: 7, worker: 0, epoch: 0, set_name: train)...
D Computing Job (ID: 8, worker: 0, epoch: 0, set_name: train)...
D Starting batch...
here
doing mfcc...
D Finished batch step 17.
D Sending Job (ID: 8, worker: 0, epoch: 0, set_name: train)...
D Computing Job (ID: 9, worker: 0, epoch: 0, set_name: train)...
D Starting batch...
here
doing mfcc...
D Finished batch step 18.
D Sending Job (ID: 9, worker: 0, epoch: 0, set_name: train)...
D Computing Job (ID: 10, worker: 0, epoch: 0, set_name: train)...
D Starting batch...
here
doing mfcc...
D Finished batch step 19.
D Sending Job (ID: 10, worker: 0, epoch: 0, set_name: train)...
D Computing Job (ID: 11, worker: 0, epoch: 0, set_name: train)...
D Starting batch...
here
doing mfcc...
D Finished batch step 20.
D Sending Job (ID: 11, worker: 0, epoch: 0, set_name: train)...
D Computing Job (ID: 12, worker: 0, epoch: 0, set_name: train)...
D Starting batch...
here
doing mfcc...
D Finished batch step 21.
D Sending Job (ID: 12, worker: 0, epoch: 0, set_name: train)...
D Computing Job (ID: 13, worker: 0, epoch: 0, set_name: train)...
D Starting batch...
here
doing mfcc...
D Finished batch step 22.
D Sending Job (ID: 13, worker: 0, epoch: 0, set_name: train)...
D Computing Job (ID: 14, worker: 0, epoch: 0, set_name: train)...
D Starting batch...
here
doing mfcc...
D Finished batch step 23.
D Sending Job (ID: 14, worker: 0, epoch: 0, set_name: train)...
D Computing Job (ID: 15, worker: 0, epoch: 0, set_name: train)...
D Starting batch...
here
doing mfcc...
D Finished batch step 24.
D Sending Job (ID: 15, worker: 0, epoch: 0, set_name: train)...
D Computing Job (ID: 16, worker: 0, epoch: 0, set_name: train)...
D Starting batch...
here
doing mfcc...
D Finished batch step 25.
D Sending Job (ID: 16, worker: 0, epoch: 0, set_name: train)...
E not all arguments converted during string formatting
D Closing queues...
D Queues closed.
