2018-02-05 16:27:46.066835: I tensorflow/core/platform/cpu_feature_guard.cc:137] Your CPU supports instructions that this TensorFlow binary was not compiled to use: SSE4.1 SSE4.2 AVX
------------------------------------------------------------------------
WARNING: libdeepspeech failed to load, resorting to deprecated code
         Refer to README.md for instructions on installing libdeepspeech
------------------------------------------------------------------------
WARNING:root:frame length (551) is greater than FFT size (512), frame will be truncated. Increase NFFT to avoid.
WARNING:root:frame length (551) is greater than FFT size (512), frame will be truncated. Increase NFFT to avoid.
WARNING:root:frame length (551) is greater than FFT size (512), frame will be truncated. Increase NFFT to avoid.
WARNING:root:frame length (551) is greater than FFT size (512), frame will be truncated. Increase NFFT to avoid.
WARNING:root:frame length (551) is greater than FFT size (512), frame will be truncated. Increase NFFT to avoid.
WARNING:root:frame length (551) is greater than FFT size (512), frame will be truncated. Increase NFFT to avoid.
WARNING:root:frame length (551) is greater than FFT size (512), frame will be truncated. Increase NFFT to avoid.
WARNING:root:frame length (551) is greater than FFT size (512), frame will be truncated. Increase NFFT to avoid.
WARNING:root:frame length (551) is greater than FFT size (512), frame will be truncated. Increase NFFT to avoid.
WARNING:root:frame length (551) is greater than FFT size (512), frame will be truncated. Increase NFFT to avoid.
WARNING:root:frame length (551) is greater than FFT size (512), frame will be truncated. Increase NFFT to avoid.
WARNING:root:frame length (551) is greater than FFT size (512), frame will be truncated. Increase NFFT to avoid.
WARNING:root:frame length (551) is greater than FFT size (512), frame will be truncated. Increase NFFT to avoid.
2018-02-05 16:34:18.114561: W tensorflow/core/util/ctc/ctc_loss_calculator.cc:144] No valid path found.
Loading the LM will be faster if you build a binary file.
Reading data/lm/pidgin.arpa
----5---10---15---20---25---30---35---40---45---50---55---60---65---70---75---80---85---90---95--100
****************************************************************************************************
WARNING:root:frame length (551) is greater than FFT size (512), frame will be truncated. Increase NFFT to avoid.
2018-02-05 17:37:51.822702: W tensorflow/core/util/ctc/ctc_loss_calculator.cc:144] No valid path found.
Loading the LM will be faster if you build a binary file.
Reading data/lm/pidgin.arpa
----5---10---15---20---25---30---35---40---45---50---55---60---65---70---75---80---85---90---95--100
****************************************************************************************************
WARNING:root:frame length (551) is greater than FFT size (512), frame will be truncated. Increase NFFT to avoid.
2018-02-05 19:02:11.793993: W tensorflow/core/util/ctc/ctc_loss_calculator.cc:144] No valid path found.
WARNING:root:frame length (551) is greater than FFT size (512), frame will be truncated. Increase NFFT to avoid.
2018-02-05 20:34:05.377533: W tensorflow/core/util/ctc/ctc_loss_calculator.cc:144] No valid path found.
WARNING:root:frame length (551) is greater than FFT size (512), frame will be truncated. Increase NFFT to avoid.
2018-02-05 22:29:19.183403: W tensorflow/core/util/ctc/ctc_loss_calculator.cc:144] No valid path found.
WARNING:root:frame length (551) is greater than FFT size (512), frame will be truncated. Increase NFFT to avoid.
2018-02-06 00:31:18.505436: W tensorflow/core/util/ctc/ctc_loss_calculator.cc:144] No valid path found.
WARNING:root:frame length (551) is greater than FFT size (512), frame will be truncated. Increase NFFT to avoid.
2018-02-06 01:35:01.416418: W tensorflow/core/util/ctc/ctc_loss_calculator.cc:144] No valid path found.
WARNING:root:frame length (551) is greater than FFT size (512), frame will be truncated. Increase NFFT to avoid.
2018-02-06 02:58:55.195663: W tensorflow/core/util/ctc/ctc_loss_calculator.cc:144] No valid path found.
WARNING:root:frame length (551) is greater than FFT size (512), frame will be truncated. Increase NFFT to avoid.
2018-02-06 04:32:29.619074: W tensorflow/core/util/ctc/ctc_loss_calculator.cc:144] No valid path found.
WARNING:root:frame length (551) is greater than FFT size (512), frame will be truncated. Increase NFFT to avoid.
2018-02-06 06:57:53.715490: W tensorflow/core/util/ctc/ctc_loss_calculator.cc:144] No valid path found.
WARNING:root:frame length (551) is greater than FFT size (512), frame will be truncated. Increase NFFT to avoid.
2018-02-06 09:15:02.171842: W tensorflow/core/util/ctc/ctc_loss_calculator.cc:144] No valid path found.
WARNING:root:frame length (551) is greater than FFT size (512), frame will be truncated. Increase NFFT to avoid.
2018-02-06 11:07:17.261084: W tensorflow/core/util/ctc/ctc_loss_calculator.cc:144] No valid path found.
WARNING:root:frame length (551) is greater than FFT size (512), frame will be truncated. Increase NFFT to avoid.
2018-02-06 13:38:51.289349: W tensorflow/core/util/ctc/ctc_loss_calculator.cc:144] No valid path found.
WARNING:root:frame length (551) is greater than FFT size (512), frame will be truncated. Increase NFFT to avoid.
2018-02-06 15:58:00.433482: W tensorflow/core/util/ctc/ctc_loss_calculator.cc:144] No valid path found.
WARNING:root:frame length (551) is greater than FFT size (512), frame will be truncated. Increase NFFT to avoid.
2018-02-06 18:12:20.123948: W tensorflow/core/util/ctc/ctc_loss_calculator.cc:144] No valid path found.
WARNING:root:frame length (551) is greater than FFT size (512), frame will be truncated. Increase NFFT to avoid.
2018-02-06 20:41:08.383360: W tensorflow/core/util/ctc/ctc_loss_calculator.cc:144] No valid path found.
Traceback (most recent call last):
  File "./DeepSpeech.py", line 1665, in train
    job = COORD.next_job(job)
  File "./DeepSpeech.py", line 1433, in next_job
    if epoch.done():
  File "./DeepSpeech.py", line 1050, in done
    print(FLAGS.wer_log_pattern % (time, self.set_name, self.wer))
TypeError: not all arguments converted during string formatting
D Starting coordinator...
D Coordinator started.
W Parameter --validation_step needs to be >0 for early stopping to work
D Starting queue runners...
D Queue runners started.
here
doing mfcc...
here
doing mfcc...
here
doing mfcc...
here
doing mfcc...
here
doing mfcc...
here
doing mfcc...
here
doing mfcc...
here
doing mfcc...
here
doing mfcc...
here
doing mfcc...
here
doing mfcc...
here
doing mfcc...
here
doing mfcc...
I STARTING Optimization
D step: 25
D epoch: 1
D target epoch: 75
D steps per epoch: 15
D number of batches in train set: 15
D batches per job: 1
D batches per step: 1
D number of jobs in train set: 15
D number of jobs already trained in first epoch: 10
D Computing Job (ID: 2, worker: 0, epoch: 1, set_name: train)...
D Starting batch...
here
doing mfcc...
D Finished batch step 26.
D Sending Job (ID: 2, worker: 0, epoch: 1, set_name: train)...
D Computing Job (ID: 3, worker: 0, epoch: 1, set_name: train)...
D Starting batch...
here
doing mfcc...
D Finished batch step 27.
D Sending Job (ID: 3, worker: 0, epoch: 1, set_name: train)...
D Computing Job (ID: 4, worker: 0, epoch: 1, set_name: train)...
D Starting batch...
here
doing mfcc...
D Finished batch step 28.
D Sending Job (ID: 4, worker: 0, epoch: 1, set_name: train)...
D Computing Job (ID: 5, worker: 0, epoch: 1, set_name: train)...
D Starting batch...
here
doing mfcc...
D Finished batch step 29.
D Sending Job (ID: 5, worker: 0, epoch: 1, set_name: train)...
D Computing Job (ID: 6, worker: 0, epoch: 1, set_name: train)...
D Starting batch...
here
doing mfcc...
D Finished batch step 30.
D Sending Job (ID: 6, worker: 0, epoch: 1, set_name: train)...
D Computing Job (ID: 7, worker: 0, epoch: 1, set_name: train)...
D Starting batch...
here
doing mfcc...
D Finished batch step 31.
D Sending Job (ID: 7, worker: 0, epoch: 1, set_name: train)...
D Computing Job (ID: 8, worker: 0, epoch: 1, set_name: train)...
D Starting batch...
here
doing mfcc...
D Finished batch step 32.
D Sending Job (ID: 8, worker: 0, epoch: 1, set_name: train)...
D Computing Job (ID: 9, worker: 0, epoch: 1, set_name: train)...
D Starting batch...
here
doing mfcc...
D Finished batch step 33.
D Sending Job (ID: 9, worker: 0, epoch: 1, set_name: train)...
D Computing Job (ID: 10, worker: 0, epoch: 1, set_name: train)...
D Starting batch...
here
doing mfcc...
D Finished batch step 34.
D Sending Job (ID: 10, worker: 0, epoch: 1, set_name: train)...
D Computing Job (ID: 11, worker: 0, epoch: 1, set_name: train)...
D Starting batch...
here
doing mfcc...
D Finished batch step 35.
D Sending Job (ID: 11, worker: 0, epoch: 1, set_name: train)...
D Computing Job (ID: 12, worker: 0, epoch: 1, set_name: train)...
D Starting batch...
here
doing mfcc...
D Finished batch step 36.
D Sending Job (ID: 12, worker: 0, epoch: 1, set_name: train)...
D Computing Job (ID: 13, worker: 0, epoch: 1, set_name: train)...
D Starting batch...
here
doing mfcc...
D Finished batch step 37.
D Sending Job (ID: 13, worker: 0, epoch: 1, set_name: train)...
D Computing Job (ID: 14, worker: 0, epoch: 1, set_name: train)...
D Starting batch...
here
doing mfcc...
D Finished batch step 38.
D Sending Job (ID: 14, worker: 0, epoch: 1, set_name: train)...
D Computing Job (ID: 15, worker: 0, epoch: 1, set_name: train)...
D Starting batch...
here
doing mfcc...
D Finished batch step 39.
D Sending Job (ID: 15, worker: 0, epoch: 1, set_name: train)...
D Computing Job (ID: 16, worker: 0, epoch: 1, set_name: train)...
D Starting batch...
here
doing mfcc...
D Finished batch step 40.
D Sending Job (ID: 16, worker: 0, epoch: 1, set_name: train)...
E not all arguments converted during string formatting
D Closing queues...
D Queues closed.
